<?xml version="1.0" encoding="UTF-8"?>
<!-- Generated by org.testng.reporters.JUnitXMLReporter -->
<testsuite hostname="Qsp_Mum_faculty2" ignored="0" name="Test" tests="2" failures="1" timestamp="04 Apr 2018 06:14:08 GMT" time="9.013" errors="0">
  <testcase name="invalidLogin" time="1.174" classname="script.testScript">
    <failure type="java.lang.AssertionError" message="null">
      <![CDATA[java.lang.AssertionError: null
at script.testScript.invalidLogin(testScript.java:35)
... Removed 27 stack frames]]>
    </failure>
  </testcase> <!-- invalidLogin -->
  <testcase name="validLogin" time="0.256" classname="script.testScript"/>
</testsuite> <!-- Test -->
