<?xml version="1.0" encoding="UTF-8"?>
<testng-results skipped="0" failed="0" ignored="0" total="2" passed="2">
  <reporter-output>
  </reporter-output>
  <suite name="Suite" duration-ms="13737" started-at="2018-04-06T07:28:03Z" finished-at="2018-04-06T07:28:17Z">
    <groups>
    </groups>
    <test name="Test1" duration-ms="5310" started-at="2018-04-06T07:28:03Z" finished-at="2018-04-06T07:28:08Z">
      <class name="script.testScript">
        <test-method status="PASS" signature="preCondition(java.lang.String, java.lang.String)[pri:0, instance:script.testScript@8a8f7c]" name="preCondition" is-config="true" duration-ms="4989" started-at="2018-04-06T07:28:03Z" finished-at="2018-04-06T07:28:08Z">
          <params>
            <param index="0">
              <value>
                <![CDATA[chrome]]>
              </value>
            </param>
            <param index="1">
              <value>
                <![CDATA[http://192.168.1.20:4444/wd/hub/]]>
              </value>
            </param>
          </params>
          <reporter-output>
          </reporter-output>
        </test-method> <!-- preCondition -->
        <test-method status="PASS" signature="validLogin()[pri:0, instance:script.testScript@8a8f7c]" name="validLogin" duration-ms="302" started-at="2018-04-06T07:28:08Z" finished-at="2018-04-06T07:28:08Z">
          <reporter-output>
          </reporter-output>
        </test-method> <!-- validLogin -->
      </class> <!-- script.testScript -->
    </test> <!-- Test1 -->
    <test name="Test2" duration-ms="13737" started-at="2018-04-06T07:28:03Z" finished-at="2018-04-06T07:28:17Z">
      <class name="script.testScript">
        <test-method status="PASS" signature="preCondition(java.lang.String, java.lang.String)[pri:0, instance:script.testScript@10b40af]" name="preCondition" is-config="true" duration-ms="8230" started-at="2018-04-06T07:28:03Z" finished-at="2018-04-06T07:28:11Z">
          <params>
            <param index="0">
              <value>
                <![CDATA[firefox]]>
              </value>
            </param>
            <param index="1">
              <value>
                <![CDATA[http://192.168.1.20:4444/wd/hub/]]>
              </value>
            </param>
          </params>
          <reporter-output>
          </reporter-output>
        </test-method> <!-- preCondition -->
        <test-method status="PASS" signature="validLogin()[pri:0, instance:script.testScript@10b40af]" name="validLogin" duration-ms="5491" started-at="2018-04-06T07:28:11Z" finished-at="2018-04-06T07:28:17Z">
          <reporter-output>
          </reporter-output>
        </test-method> <!-- validLogin -->
      </class> <!-- script.testScript -->
    </test> <!-- Test2 -->
  </suite> <!-- Suite -->
</testng-results>
